Vivado Simulator 2018.3
Time resolution is 1 ps
sNaN * {sNaN, qNaN, infinity, zero, subnormal, normal}:
p (7c0a 100000) = a (7c0a) * b (7c0b)
p (7c0a 100000) = a (7c0a) * b (7e0b)
p (7c0a 100000) = a (7c0a) * b (7c00)
p (7c0a 100000) = a (7c0a) * b (0000)
p (7c0a 100000) = a (7c0a) * b (000b)
p (7c0a 100000) = a (7c0a) * b (3c0b)

{qNaN, infinity, zero, subnormal, normal} * sNaN:
p (7c0b 100000) = a (7e0a) * b (7c0b)
p (7c0b 100000) = a (7c00) * b (7c0b)
p (7c0b 100000) = a (0000) * b (7c0b)
p (7c0b 100000) = a (000a) * b (7c0b)
p (7c0b 100000) = a (3c0a) * b (7c0b)

qNaN * {qNaN, infinity, zero, subnormal, normal}:
p (7e0a 010000) = a (7e0a) * b (7e0b)
p (7e0a 010000) = a (7e0a) * b (7c00)
p (7e0a 010000) = a (7e0a) * b (0000)
p (7e0a 010000) = a (7e0a) * b (000b)
p (7e0a 010000) = a (7e0a) * b (3c0b)

{infinity, zero, subnormal, normal} * qNaN:
p (7e0b 010000) = a (7c00) * b (7e0b)
p (7e0b 010000) = a (0000) * b (7e0b)
p (7e0b 010000) = a (000a) * b (7e0b)
p (7e0b 010000) = a (3c0a) * b (7e0b)

+infinity * {+infinity, +zero, +subnormal, +normal}:
p (7c00 001000) = a (7c00) * b (7c00)
p (7e2a 010000) = a (7c00) * b (0000)
p (7c00 001000) = a (7c00) * b (000b)
p (7c00 001000) = a (7c00) * b (3c0b)

{+zero, +subnormal, +normal} * +infinity:
p (7e2a 010000) = a (0000) * b (7c00)
p (7c00 001000) = a (000a) * b (7c00)
p (fc00 001000) = a (3c0a) * b (fc00)

+infinity * {-infinity, -zero, -subnormal, -normal}:
p (fc00 001000) = a (7c00) * b (fc00)
p (fe2a 010000) = a (7c00) * b (8000)
p (fc00 001000) = a (7c00) * b (800b)
p (fc00 001000) = a (7c00) * b (bc0b)

{+zero, +subnormal, +normal} * -infinity:
p (fe2a 010000) = a (0000) * b (fc00)
p (fc00 001000) = a (000a) * b (fc00)
p (fc00 001000) = a (bc0a) * b (7c00)

-infinity * {+infinity, +zero, +subnormal, +normal}:
p (fc00 001000) = a (fc00) * b (7c00)
p (fe2a 010000) = a (fc00) * b (0000)
p (fc00 001000) = a (fc00) * b (000b)
p (fc00 001000) = a (fc00) * b (3c0b)

{-zero, -subnormal, -normal} * +infinity:
p (fe2a 010000) = a (8000) * b (7c00)
p (fc00 001000) = a (800a) * b (7c00)
p (7c00 001000) = a (bc0a) * b (fc00)

-infinity * {-infinity, -zero, -subnormal, -normal}:
p (7c00 001000) = a (fc00) * b (fc00)
p (7e2a 010000) = a (fc00) * b (8000)
p (7c00 001000) = a (fc00) * b (800b)
p (7c00 001000) = a (fc00) * b (bc0b)

{-zero, -subnormal, -normal} * -infinity:
p (7e2a 010000) = a (8000) * b (fc00)
p (7c00 001000) = a (800a) * b (fc00)
p (7c00 001000) = a (3c0a) * b (7c00)

+infinity * {+infinity, +zero, +subnormal, +normal}:
p (7c00 001000) = a (7c00) * b (7c00)
p (7e2a 010000) = a (7c00) * b (0000)
p (7c00 001000) = a (7c00) * b (000b)
p (7c00 001000) = a (7c00) * b (3c0b)

{+zero, +subnormal, +normal} * +infinity:
p (7e2a 010000) = a (0000) * b (7c00)
p (7c00 001000) = a (000a) * b (7c00)
p (7c00 001000) = a (3c0a) * b (7c00)

+infinity * {-infinity, -zero, -subnormal, -normal}:
p (fc00 001000) = a (7c00) * b (fc00)
p (fe2a 010000) = a (7c00) * b (8000)
p (fc00 001000) = a (7c00) * b (800b)
p (fc00 001000) = a (7c00) * b (bc0b)

{+zero, +subnormal, +normal} * -infinity:
p (fe2a 010000) = a (0000) * b (fc00)
p (fc00 001000) = a (000a) * b (fc00)
p (fc00 001000) = a (3c0a) * b (fc00)

-infinity * {+infinity, +zero, +subnormal, +normal}:
p (fc00 001000) = a (fc00) * b (7c00)
p (fe2a 010000) = a (fc00) * b (0000)
p (fc00 001000) = a (fc00) * b (000b)
p (fc00 001000) = a (fc00) * b (3c0b)

{-zero, -subnormal, -normal} * +infinity:
p (fe2a 010000) = a (8000) * b (7c00)
p (fc00 001000) = a (800a) * b (7c00)
p (fc00 001000) = a (bc0a) * b (7c00)

-infinity * {-infinity, -zero, -subnormal, -normal}:
p (7c00 001000) = a (fc00) * b (fc00)
p (7e2a 010000) = a (fc00) * b (8000)
p (7c00 001000) = a (fc00) * b (800b)
p (7c00 001000) = a (fc00) * b (bc0b)

{-zero, -subnormal, -normal} * -infinity:
p (7e2a 010000) = a (8000) * b (fc00)
p (7c00 001000) = a (800a) * b (fc00)
p (7c00 001000) = a (bc0a) * b (fc00)

+zero * {+zero, +subnormal, +normal}:
p (0000 000100) = a (0000) * b (0000)
p (0000 000100) = a (0000) * b (000b)
p (0000 000100) = a (0000) * b (3c0b)

{+subnormal, +normal} * +zero:
p (0000 000100) = a (000a) * b (0000)
p (0000 000100) = a (3c0a) * b (0000)

-zero * {+zero, +subnormal, +normal}:
p (8000 000100) = a (8000) * b (0000)
p (8000 000100) = a (8000) * b (000b)
p (8000 000100) = a (8000) * b (3c0b)

{-subnormal, -normal} * +zero:
p (8000 000100) = a (800a) * b (0000)
p (8000 000100) = a (bc0a) * b (0000)

+zero * {-zero, -subnormal, -normal}:
p (8000 000100) = a (0000) * b (8000)
p (8000 000100) = a (0000) * b (800b)
p (8000 000100) = a (0000) * b (bc0b)

{+subnormal, +normal} * -zero:
p (8000 000100) = a (000a) * b (8000)
p (8000 000100) = a (3c0a) * b (8000)

-zero * {-zero, -subnormal, -normal}:
p (0000 000100) = a (8000) * b (8000)
p (0000 000100) = a (8000) * b (800b)
p (0000 000100) = a (8000) * b (bc0b)

{-subnormal, -normal} * -zero:
p (0000 000100) = a (800a) * b (8000)
p (0000 000100) = a (bc0a) * b (8000)

+subnormal * +subnormal:
p (0000 000100) = a (000a) * b (000b)

+subnormal * -subnormal:
p (8000 000100) = a (000a) * b (800b)

-subnormal * +subnormal:
p (8000 000100) = a (800a) * b (000b)

-subnormal * -subnormal:
p (0000 000100) = a (800a) * b (800b)

1 * 2**15:
p (7800 000001) = a (3c00) * b (7800)

1 * 2**14:
p (7400 000001) = a (3c00) * b (7400)

1 * 2**13:
p (7000 000001) = a (3c00) * b (7000)

1 * 2**12:
p (6c00 000001) = a (3c00) * b (6c00)

1 * 2**11:
p (6800 000001) = a (3c00) * b (6800)

1 * 2**10:
p (6400 000001) = a (3c00) * b (6400)

1 * 2**9:
p (6000 000001) = a (3c00) * b (6000)

1 * 2**8:
p (5c00 000001) = a (3c00) * b (5c00)

1 * 2**7:
p (5800 000001) = a (3c00) * b (5800)

1 * 2**6:
p (5400 000001) = a (3c00) * b (5400)

1 * 2**5:
p (5000 000001) = a (3c00) * b (5000)

1 * 2**4:
p (4c00 000001) = a (3c00) * b (4c00)

1 * 2**3:
p (4800 000001) = a (3c00) * b (4800)

1 * 2**2:
p (4400 000001) = a (3c00) * b (4400)

1 * 2**1:
p (4000 000001) = a (3c00) * b (4000)

1 * 2**0:
p (3c00 000001) = a (3c00) * b (3c00)

1 * 2**-1:
p (3800 000001) = a (3c00) * b (3800)

1 * 2**-2:
p (3400 000001) = a (3c00) * b (3400)

1 * 2**-3:
p (3000 000001) = a (3c00) * b (3000)

1 * 2**-4:
p (2c00 000001) = a (3c00) * b (2c00)

1 * 2**-5:
p (2800 000001) = a (3c00) * b (2800)

1 * 2**-6:
p (2400 000001) = a (3c00) * b (2400)

1 * 2**-7:
p (2000 000001) = a (3c00) * b (2000)

1 * 2**-8:
p (1c00 000001) = a (3c00) * b (1c00)

1 * 2**-9:
p (1800 000001) = a (3c00) * b (1800)

1 * 2**-10:
p (1400 000001) = a (3c00) * b (1400)

1 * 2**-11:
p (1000 000001) = a (3c00) * b (1000)

1 * 2**-12:
p (0c00 000001) = a (3c00) * b (0c00)

1 * 2**-13:
p (0800 000001) = a (3c00) * b (0800)

1 * 2**-14:
p (0400 000001) = a (3c00) * b (0400)

1 * 2**-15:
p (0200 000010) = a (3c00) * b (0200)

1 * 2**-16:
p (0100 000010) = a (3c00) * b (0100)

1 * 2**-17:
p (0080 000010) = a (3c00) * b (0080)

1 * 2**-18:
p (0040 000010) = a (3c00) * b (0040)

1 * 2**-19:
p (0020 000010) = a (3c00) * b (0020)

1 * 2**-20:
p (0010 000010) = a (3c00) * b (0010)

1 * 2**-21:
p (0008 000010) = a (3c00) * b (0008)

1 * 2**-22:
p (0004 000010) = a (3c00) * b (0004)

1 * 2**-23:
p (0002 000010) = a (3c00) * b (0002)

1 * 2**-24:
p (0001 000010) = a (3c00) * b (0001)

2**15 * 1:
p (7800 000001) = a (7800) * b (3c00)

2**14 * 1:
p (7400 000001) = a (7400) * b (3c00)

2**13 * 1:
p (7000 000001) = a (7000) * b (3c00)

2**12 * 1:
p (6c00 000001) = a (6c00) * b (3c00)

2**11 * 1:
p (6800 000001) = a (6800) * b (3c00)

2**10 * 1:
p (6400 000001) = a (6400) * b (3c00)

2**9 * 1:
p (6000 000001) = a (6000) * b (3c00)

2**8 * 1:
p (5c00 000001) = a (5c00) * b (3c00)

2**7 * 1:
p (5800 000001) = a (5800) * b (3c00)

2**6 * 1:
p (5400 000001) = a (5400) * b (3c00)

2**5 * 1:
p (5000 000001) = a (5000) * b (3c00)

2**4 * 1:
p (4c00 000001) = a (4c00) * b (3c00)

2**3 * 1:
p (4800 000001) = a (4800) * b (3c00)

2**2 * 1:
p (4400 000001) = a (4400) * b (3c00)

2**1 * 1:
p (4000 000001) = a (4000) * b (3c00)

2**0 * 1:
p (3c00 000001) = a (3c00) * b (3c00)

2**-1 * 1:
p (3800 000001) = a (3800) * b (3c00)

2**-2 * 1:
p (3400 000001) = a (3400) * b (3c00)

2**-3 * 1:
p (3000 000001) = a (3000) * b (3c00)

2**-4 * 1:
p (2c00 000001) = a (2c00) * b (3c00)

2**-5 * 1:
p (2800 000001) = a (2800) * b (3c00)

2**-6 * 1:
p (2400 000001) = a (2400) * b (3c00)

2**-7 * 1:
p (2000 000001) = a (2000) * b (3c00)

2**-8 * 1:
p (1c00 000001) = a (1c00) * b (3c00)

2**-9 * 1:
p (1800 000001) = a (1800) * b (3c00)

2**-10 * 1:
p (1400 000001) = a (1400) * b (3c00)

2**-11 * 1:
p (1000 000001) = a (1000) * b (3c00)

2**-12 * 1:
p (0c00 000001) = a (0c00) * b (3c00)

2**-13 * 1:
p (0800 000001) = a (0800) * b (3c00)

2**-14 * 1:
p (0400 000001) = a (0400) * b (3c00)

2**-15 * 1:
p (0200 000010) = a (0200) * b (3c00)

2**-16 * 1:
p (0100 000010) = a (0100) * b (3c00)

2**-17 * 1:
p (0080 000010) = a (0080) * b (3c00)

2**-18 * 1:
p (0040 000010) = a (0040) * b (3c00)

2**-19 * 1:
p (0020 000010) = a (0020) * b (3c00)

2**-20 * 1:
p (0010 000010) = a (0010) * b (3c00)

2**-21 * 1:
p (0008 000010) = a (0008) * b (3c00)

2**-22 * 1:
p (0004 000010) = a (0004) * b (3c00)

2**-23 * 1:
p (0002 000010) = a (0002) * b (3c00)

2**-24 * 1:
p (0001 000010) = a (0001) * b (3c00)

2**0 * 2**15:
p (7800 000001) = a (3c00) * b (7800)
p (7c00 001000) = a (3fff) * b (7bff)

2**1 * 2**14:
p (7800 000001) = a (4000) * b (7400)
p (7c00 001000) = a (43ff) * b (77ff)

2**2 * 2**13:
p (7800 000001) = a (4400) * b (7000)
p (7c00 001000) = a (47ff) * b (73ff)

2**3 * 2**12:
p (7800 000001) = a (4800) * b (6c00)
p (7c00 001000) = a (4bff) * b (6fff)

2**4 * 2**11:
p (7800 000001) = a (4c00) * b (6800)
p (7c00 001000) = a (4fff) * b (6bff)

2**5 * 2**10:
p (7800 000001) = a (5000) * b (6400)
p (7c00 001000) = a (53ff) * b (67ff)

2**6 * 2**9:
p (7800 000001) = a (5400) * b (6000)
p (7c00 001000) = a (57ff) * b (63ff)

2**7 * 2**8:
p (7800 000001) = a (5800) * b (5c00)
p (7c00 001000) = a (5bff) * b (5fff)

2**8 * 2**7:
p (7800 000001) = a (5c00) * b (5800)
p (7c00 001000) = a (5fff) * b (5bff)

2**9 * 2**6:
p (7800 000001) = a (6000) * b (5400)
p (7c00 001000) = a (63ff) * b (57ff)

2**10 * 2**5:
p (7800 000001) = a (6400) * b (5000)
p (7c00 001000) = a (67ff) * b (53ff)

2**11 * 2**4:
p (7800 000001) = a (6800) * b (4c00)
p (7c00 001000) = a (6bff) * b (4fff)

2**12 * 2**3:
p (7800 000001) = a (6c00) * b (4800)
p (7c00 001000) = a (6fff) * b (4bff)

2**13 * 2**2:
p (7800 000001) = a (7000) * b (4400)
p (7c00 001000) = a (73ff) * b (47ff)

2**14 * 2**1:
p (7800 000001) = a (7400) * b (4000)
p (7c00 001000) = a (77ff) * b (43ff)

2**15 * 2**0:
p (7800 000001) = a (7800) * b (3c00)
p (7c00 001000) = a (7bff) * b (3fff)

2**-24 * 2**9:
p (0200 000010) = a (0001) * b (6000)
p (03ff 000010) = a (0001) * b (63ff)

2**-23 * 2**8:
p (0200 000010) = a (0002) * b (5c00)
p (05ff 000001) = a (0003) * b (5fff)

2**-22 * 2**7:
p (0200 000010) = a (0004) * b (5800)
p (06ff 000001) = a (0007) * b (5bff)

2**-21 * 2**6:
p (0200 000010) = a (0008) * b (5400)
p (077f 000001) = a (000f) * b (57ff)

2**-20 * 2**5:
p (0200 000010) = a (0010) * b (5000)
p (07bf 000001) = a (001f) * b (53ff)

2**-19 * 2**4:
p (0200 000010) = a (0020) * b (4c00)
p (07df 000001) = a (003f) * b (4fff)

2**-18 * 2**3:
p (0200 000010) = a (0040) * b (4800)
p (07ef 000001) = a (007f) * b (4bff)

2**-17 * 2**2:
p (0200 000010) = a (0080) * b (4400)
p (07f7 000001) = a (00ff) * b (47ff)

2**-16 * 2**1:
p (0200 000010) = a (0100) * b (4000)
p (07fb 000001) = a (01ff) * b (43ff)

2**-15 * 2**0:
p (0200 000010) = a (0200) * b (3c00)
p (07fd 000001) = a (03ff) * b (3fff)

2**-14 * 2**-1:
p (0200 000010) = a (0400) * b (3800)
p (07fe 000001) = a (07ff) * b (3bff)

2**-13 * 2**-2:
p (0200 000010) = a (0800) * b (3400)
p (07fe 000001) = a (0bff) * b (37ff)

2**-12 * 2**-3:
p (0200 000010) = a (0c00) * b (3000)
p (07fe 000001) = a (0fff) * b (33ff)

2**-11 * 2**-4:
p (0200 000010) = a (1000) * b (2c00)
p (07fe 000001) = a (13ff) * b (2fff)

2**-10 * 2**-5:
p (0200 000010) = a (1400) * b (2800)
p (07fe 000001) = a (17ff) * b (2bff)

2**-9 * 2**-6:
p (0200 000010) = a (1800) * b (2400)
p (07fe 000001) = a (1bff) * b (27ff)

2**-8 * 2**-7:
p (0200 000010) = a (1c00) * b (2000)
p (07fe 000001) = a (1fff) * b (23ff)

2**-7 * 2**-8:
p (0200 000010) = a (2000) * b (1c00)
p (07fe 000001) = a (23ff) * b (1fff)

2**-6 * 2**-9:
p (0200 000010) = a (2400) * b (1800)
p (07fe 000001) = a (27ff) * b (1bff)

2**-5 * 2**-10:
p (0200 000010) = a (2800) * b (1400)
p (07fe 000001) = a (2bff) * b (17ff)

2**-4 * 2**-11:
p (0200 000010) = a (2c00) * b (1000)
p (07fe 000001) = a (2fff) * b (13ff)

2**-3 * 2**-12:
p (0200 000010) = a (3000) * b (0c00)
p (07fe 000001) = a (33ff) * b (0fff)

2**-2 * 2**-13:
p (0200 000010) = a (3400) * b (0800)
p (07fe 000001) = a (37ff) * b (0bff)

2**-1 * 2**-14:
p (0200 000010) = a (3800) * b (0400)
p (07fe 000001) = a (3bff) * b (07ff)

2**0 * 2**-15:
p (0200 000010) = a (3c00) * b (0200)
p (07fd 000001) = a (3fff) * b (03ff)

2**1 * 2**-16:
p (0200 000010) = a (4000) * b (0100)
p (07fb 000001) = a (43ff) * b (01ff)

2**2 * 2**-17:
p (0200 000010) = a (4400) * b (0080)
p (07f7 000001) = a (47ff) * b (00ff)

2**3 * 2**-18:
p (0200 000010) = a (4800) * b (0040)
p (07ef 000001) = a (4bff) * b (007f)

2**4 * 2**-19:
p (0200 000010) = a (4c00) * b (0020)
p (07df 000001) = a (4fff) * b (003f)

2**5 * 2**-20:
p (0200 000010) = a (5000) * b (0010)
p (07bf 000001) = a (53ff) * b (001f)

2**6 * 2**-21:
p (0200 000010) = a (5400) * b (0008)
p (077f 000001) = a (57ff) * b (000f)

2**7 * 2**-22:
p (0200 000010) = a (5800) * b (0004)
p (06ff 000001) = a (5bff) * b (0007)

2**8 * 2**-23:
p (0200 000010) = a (5c00) * b (0002)
p (05ff 000001) = a (5fff) * b (0003)

2**9 * 2**-24:
p (0200 000010) = a (6000) * b (0001)
p (03ff 000010) = a (63ff) * b (0001)

2**-24 * 2**-1:
p (0000 000100) = a (0001) * b (3800)
p (0000 000100) = a (0001) * b (3bff)

2**-23 * 2**-2:
p (0000 000100) = a (0002) * b (3400)
p (0001 000010) = a (0003) * b (37ff)

2**-22 * 2**-3:
p (0000 000100) = a (0004) * b (3000)
p (0001 000010) = a (0007) * b (33ff)

2**-21 * 2**-4:
p (0000 000100) = a (0008) * b (2c00)
p (0001 000010) = a (000f) * b (2fff)

2**-20 * 2**-5:
p (0000 000100) = a (0010) * b (2800)
p (0001 000010) = a (001f) * b (2bff)

2**-19 * 2**-6:
p (0000 000100) = a (0020) * b (2400)
p (0001 000010) = a (003f) * b (27ff)

2**-18 * 2**-7:
p (0000 000100) = a (0040) * b (2000)
p (0001 000010) = a (007f) * b (23ff)

2**-17 * 2**-8:
p (0000 000100) = a (0080) * b (1c00)
p (0001 000010) = a (00ff) * b (1fff)

2**-16 * 2**-9:
p (0000 000100) = a (0100) * b (1800)
p (0001 000010) = a (01ff) * b (1bff)

2**-15 * 2**-10:
p (0000 000100) = a (0200) * b (1400)
p (0001 000010) = a (03ff) * b (17ff)

2**-14 * 2**-11:
p (0000 000100) = a (0400) * b (1000)
p (0001 000010) = a (07ff) * b (13ff)

2**-13 * 2**-12:
p (0000 000100) = a (0800) * b (0c00)
p (0001 000010) = a (0bff) * b (0fff)

2**-12 * 2**-13:
p (0000 000100) = a (0c00) * b (0800)
p (0001 000010) = a (0fff) * b (0bff)

2**-11 * 2**-14:
p (0000 000100) = a (1000) * b (0400)
p (0001 000010) = a (13ff) * b (07ff)

2**-10 * 2**-15:
p (0000 000100) = a (1400) * b (0200)
p (0001 000010) = a (17ff) * b (03ff)

2**-9 * 2**-16:
p (0000 000100) = a (1800) * b (0100)
p (0001 000010) = a (1bff) * b (01ff)

2**-8 * 2**-17:
p (0000 000100) = a (1c00) * b (0080)
p (0001 000010) = a (1fff) * b (00ff)

2**-7 * 2**-18:
p (0000 000100) = a (2000) * b (0040)
p (0001 000010) = a (23ff) * b (007f)

2**-6 * 2**-19:
p (0000 000100) = a (2400) * b (0020)
p (0001 000010) = a (27ff) * b (003f)

2**-5 * 2**-20:
p (0000 000100) = a (2800) * b (0010)
p (0001 000010) = a (2bff) * b (001f)

2**-4 * 2**-21:
p (0000 000100) = a (2c00) * b (0008)
p (0001 000010) = a (2fff) * b (000f)

2**-3 * 2**-22:
p (0000 000100) = a (3000) * b (0004)
p (0001 000010) = a (33ff) * b (0007)

2**-2 * 2**-23:
p (0000 000100) = a (3400) * b (0002)
p (0001 000010) = a (37ff) * b (0003)

2**-1 * 2**-24:
p (0000 000100) = a (3800) * b (0001)
p (0000 000100) = a (3bff) * b (0001)

1 * 1:
p (3c00 000001) = a (3c00) * b (3c00)

20 * 20:
p (5e40 000001) = a (4d00) * b (4d00)

400 * PI:
p (64e8 000001) = a (5e40) * b (4248)

End of tests :              5200000
